2019-06-23 14:34:35,414 [INFO] [main] com.ddc.server.DDCServerApplication [StartupInfoLogger.java : 50] Starting DDCServerApplication on relaxxx with PID 1972 (E:\projects\ddc-parent\ddc_server\target\classes started by Saint in E:\projects\ddc-parent)
2019-06-23 14:34:35,469 [INFO] [main] com.ddc.server.DDCServerApplication [SpringApplication.java : 675] No active profile set, falling back to default profiles: default
2019-06-23 14:34:40,685 [INFO] [main] o.s.c.s.PostProcessorRegistrationDelegate$BeanPostProcessorChecker [PostProcessorRegistrationDelegate.java : 330] Bean 'transactionalConfig' of type [com.ddc.server.config.db.TransactionalConfig$$EnhancerBySpringCGLIB$$9d3140f3] is not eligible for getting processed by all BeanPostProcessors (for example: not eligible for auto-proxying)
2019-06-23 14:34:40,935 [INFO] [main] o.s.c.s.PostProcessorRegistrationDelegate$BeanPostProcessorChecker [PostProcessorRegistrationDelegate.java : 330] Bean 'org.springframework.transaction.annotation.ProxyTransactionManagementConfiguration' of type [org.springframework.transaction.annotation.ProxyTransactionManagementConfiguration$$EnhancerBySpringCGLIB$$bdb7b0ba] is not eligible for getting processed by all BeanPostProcessors (for example: not eligible for auto-proxying)
2019-06-23 14:34:40,983 [INFO] [main] o.s.c.s.PostProcessorRegistrationDelegate$BeanPostProcessorChecker [PostProcessorRegistrationDelegate.java : 330] Bean 'shiroConfig' of type [com.ddc.server.shiro.ShiroConfig$$EnhancerBySpringCGLIB$$4f5a9082] is not eligible for getting processed by all BeanPostProcessors (for example: not eligible for auto-proxying)
2019-06-23 14:34:41,031 [INFO] [main] o.s.c.s.PostProcessorRegistrationDelegate$BeanPostProcessorChecker [PostProcessorRegistrationDelegate.java : 330] Bean 'hashedCredentialsMatcher' of type [org.apache.shiro.authc.credential.HashedCredentialsMatcher] is not eligible for getting processed by all BeanPostProcessors (for example: not eligible for auto-proxying)
2019-06-23 14:34:41,040 [INFO] [main] o.s.c.s.PostProcessorRegistrationDelegate$BeanPostProcessorChecker [PostProcessorRegistrationDelegate.java : 330] Bean 'myRealm' of type [com.ddc.server.shiro.MyRealm] is not eligible for getting processed by all BeanPostProcessors (for example: not eligible for auto-proxying)
2019-06-23 14:34:41,126 [INFO] [main] o.s.c.s.PostProcessorRegistrationDelegate$BeanPostProcessorChecker [PostProcessorRegistrationDelegate.java : 330] Bean 'securityManager' of type [org.apache.shiro.web.mgt.DefaultWebSecurityManager] is not eligible for getting processed by all BeanPostProcessors (for example: not eligible for auto-proxying)
2019-06-23 14:34:41,172 [INFO] [main] o.s.c.s.PostProcessorRegistrationDelegate$BeanPostProcessorChecker [PostProcessorRegistrationDelegate.java : 330] Bean 'org.springframework.hateoas.config.HateoasConfiguration' of type [org.springframework.hateoas.config.HateoasConfiguration$$EnhancerBySpringCGLIB$$3d37fdec] is not eligible for getting processed by all BeanPostProcessors (for example: not eligible for auto-proxying)
2019-06-23 14:34:42,433 [INFO] [main] org.springframework.boot.web.embedded.tomcat.TomcatWebServer [TomcatWebServer.java : 90] Tomcat initialized with port(s): 8083 (http)
2019-06-23 14:34:42,541 [INFO] [main] org.apache.catalina.core.StandardService [DirectJDKLog.java : 173] Starting service [Tomcat]
2019-06-23 14:34:42,542 [INFO] [main] org.apache.catalina.core.StandardEngine [DirectJDKLog.java : 173] Starting Servlet engine: [Apache Tomcat/9.0.19]
2019-06-23 14:34:45,217 [INFO] [main] org.apache.jasper.servlet.TldScanner [DirectJDKLog.java : 173] At least one JAR was scanned for TLDs yet contained no TLDs. Enable debug logging for this logger for a complete list of JARs that were scanned but no TLDs were found in them. Skipping unneeded JARs during scanning can improve startup time and JSP compilation time.
2019-06-23 14:34:45,235 [INFO] [main] o.a.catalina.core.ContainerBase.[Tomcat].[localhost].[/] [DirectJDKLog.java : 173] Initializing Spring embedded WebApplicationContext
2019-06-23 14:34:45,236 [INFO] [main] org.springframework.web.context.ContextLoader [ServletWebServerApplicationContext.java : 296] Root WebApplicationContext: initialization completed in 9531 ms
2019-06-23 14:34:48,616 [INFO] [main] com.alibaba.druid.pool.DruidDataSource [DruidDataSource.java : 932] {dataSource-1} inited
2019-06-23 14:34:49,546 [WARN] [main] com.baomidou.mybatisplus.toolkit.TableInfoHelper [TableInfoHelper.java : 188] Warn: Could not find @TableId in Class: com.ddc.server.entity.DDCChart.
2019-06-23 14:34:49,547 [WARN] [main] com.baomidou.mybatisplus.mapper.AutoSqlInjector [AutoSqlInjector.java : 135] class com.ddc.server.entity.DDCChart ,Not found @TableId annotation, Cannot use Mybatis-Plus 'xxById' Method.
2019-06-23 14:34:51,039 [INFO] [main] o.s.scheduling.concurrent.ThreadPoolTaskExecutor [ExecutorConfigurationSupport.java : 171] Initializing ExecutorService 'taskExecutor'
2019-06-23 14:34:51,052 [INFO] [main] o.s.scheduling.concurrent.ThreadPoolTaskExecutor [ExecutorConfigurationSupport.java : 171] Initializing ExecutorService
2019-06-23 14:34:51,052 [INFO] [main] o.s.scheduling.concurrent.ThreadPoolTaskExecutor [ExecutorConfigurationSupport.java : 171] Initializing ExecutorService 'taskAsyncPool'
2019-06-23 14:34:52,080 [INFO] [main] o.s.boot.autoconfigure.web.servlet.WelcomePageHandlerMapping [WelcomePageHandlerMapping.java : 61] Adding welcome page template: index
2019-06-23 14:34:53,155 [INFO] [main] org.springframework.boot.web.embedded.tomcat.TomcatWebServer [TomcatWebServer.java : 204] Tomcat started on port(s): 8083 (http) with context path ''
2019-06-23 14:34:53,166 [INFO] [main] com.ddc.server.DDCServerApplication [StartupInfoLogger.java : 59] Started DDCServerApplication in 20.979 seconds (JVM running for 34.4)
2019-06-23 14:34:53,189 [INFO] [main] com.ddc.server.config.web.PassUrlScanner [PassUrlScanner.java : 39] @Pass:[Constant.URLInfo(url=/index, className=com.ddc.server.controller.IndexController, pass=true, method=index, methodType=org.springframework.web.bind.annotation.RequestMapping)]
2019-06-23 14:34:53,189 [INFO] [main] com.ddc.server.config.web.PassUrlScanner [PassUrlScanner.java : 40] @Pass size:1
2019-06-23 14:36:04,575 [INFO] [http-nio-8083-exec-2] o.a.catalina.core.ContainerBase.[Tomcat].[localhost].[/] [DirectJDKLog.java : 173] Initializing Spring DispatcherServlet 'dispatcherServlet'
2019-06-23 14:36:04,576 [INFO] [http-nio-8083-exec-2] org.springframework.web.servlet.DispatcherServlet [FrameworkServlet.java : 524] Initializing Servlet 'dispatcherServlet'
2019-06-23 14:36:04,646 [INFO] [http-nio-8083-exec-2] org.springframework.web.servlet.DispatcherServlet [FrameworkServlet.java : 546] Completed initialization in 69 ms
2019-06-23 14:36:08,495 [DEBUG] [http-nio-8083-exec-5] com.ddc.server.mapper.DDCAdminMapper.selectOne [BaseJdbcLogger.java : 159] ==>  Preparing: SELECT id AS id,`name`,`password`,salt,sex,mobile,email,role_id AS roleId,remark,create_time AS createTime,create_by AS createBy,update_by AS updateBy,update_time AS updateTime,`status`,del_flag AS delFlag FROM ddc_admin WHERE `name`=? 
2019-06-23 14:36:09,036 [DEBUG] [http-nio-8083-exec-5] com.ddc.server.mapper.DDCAdminMapper.selectOne [BaseJdbcLogger.java : 159] ==> Parameters: root(String)
2019-06-23 14:36:09,125 [DEBUG] [http-nio-8083-exec-5] com.ddc.server.mapper.DDCAdminMapper.selectOne [BaseJdbcLogger.java : 159] <==      Total: 1
2019-06-23 14:36:09,722 [INFO] [http-nio-8083-exec-2] com.ddc.server.controller.IndexController [IndexController.java : 30] {"createBy":0,"createTime":1560619499537,"delFlag":0,"email":"hello@qq.com","id":2147483647,"mobile":"13812341234","name":"root","password":"f2f337ace5db36a0f83d726f31eb66ff","roleId":1,"salt":"root_0ba80d42-8f92-4374-85be-fef484195bcc","sex":0,"status":0,"updateBy":0,"updateTime":1560619499537}
2019-06-23 14:36:10,055 [DEBUG] [http-nio-8083-exec-2] com.ddc.server.mapper.DDCAdminMapper.selectOne [BaseJdbcLogger.java : 159] ==>  Preparing: SELECT id AS id,`name`,`password`,salt,sex,mobile,email,role_id AS roleId,remark,create_time AS createTime,create_by AS createBy,update_by AS updateBy,update_time AS updateTime,`status`,del_flag AS delFlag FROM ddc_admin WHERE `name`=? 
2019-06-23 14:36:10,056 [DEBUG] [http-nio-8083-exec-2] com.ddc.server.mapper.DDCAdminMapper.selectOne [BaseJdbcLogger.java : 159] ==> Parameters: root(String)
2019-06-23 14:36:10,060 [DEBUG] [http-nio-8083-exec-2] com.ddc.server.mapper.DDCAdminMapper.selectOne [BaseJdbcLogger.java : 159] <==      Total: 1
2019-06-23 14:36:10,128 [DEBUG] [http-nio-8083-exec-2] com.ddc.server.mapper.DDCRoleAuthMapper.selectList [BaseJdbcLogger.java : 159] ==>  Preparing: SELECT id AS id,role_id AS roleId,auth_id AS authId FROM dcc_role_auth WHERE (role_id = ?) 
2019-06-23 14:36:10,133 [DEBUG] [http-nio-8083-exec-2] com.ddc.server.mapper.DDCRoleAuthMapper.selectList [BaseJdbcLogger.java : 159] ==> Parameters: 1(Long)
2019-06-23 14:36:10,144 [DEBUG] [http-nio-8083-exec-2] com.ddc.server.mapper.DDCRoleAuthMapper.selectList [BaseJdbcLogger.java : 159] <==      Total: 19
2019-06-23 14:36:10,148 [DEBUG] [http-nio-8083-exec-2] com.ddc.server.mapper.DDCAuthMapper.selectById [BaseJdbcLogger.java : 159] ==>  Preparing: SELECT id AS id,`name`,flag,p_id AS pId,`level`,create_time AS createTime,create_by AS createBy,update_by AS updateBy,update_time AS updateTime,del_flag AS delFlag FROM ddc_authority WHERE id=? 
2019-06-23 14:36:10,152 [DEBUG] [http-nio-8083-exec-2] com.ddc.server.mapper.DDCAuthMapper.selectById [BaseJdbcLogger.java : 159] ==> Parameters: 1139936537677512705(Long)
2019-06-23 14:36:10,156 [DEBUG] [http-nio-8083-exec-2] com.ddc.server.mapper.DDCAuthMapper.selectById [BaseJdbcLogger.java : 159] <==      Total: 1
2019-06-23 14:36:10,159 [DEBUG] [http-nio-8083-exec-2] com.ddc.server.mapper.DDCAuthMapper.selectById [BaseJdbcLogger.java : 159] ==>  Preparing: SELECT id AS id,`name`,flag,p_id AS pId,`level`,create_time AS createTime,create_by AS createBy,update_by AS updateBy,update_time AS updateTime,del_flag AS delFlag FROM ddc_authority WHERE id=? 
2019-06-23 14:36:10,160 [DEBUG] [http-nio-8083-exec-2] com.ddc.server.mapper.DDCAuthMapper.selectById [BaseJdbcLogger.java : 159] ==> Parameters: 1139936538944192514(Long)
2019-06-23 14:36:10,164 [DEBUG] [http-nio-8083-exec-2] com.ddc.server.mapper.DDCAuthMapper.selectById [BaseJdbcLogger.java : 159] <==      Total: 1
2019-06-23 14:36:10,166 [DEBUG] [http-nio-8083-exec-2] com.ddc.server.mapper.DDCAuthMapper.selectById [BaseJdbcLogger.java : 159] ==>  Preparing: SELECT id AS id,`name`,flag,p_id AS pId,`level`,create_time AS createTime,create_by AS createBy,update_by AS updateBy,update_time AS updateTime,del_flag AS delFlag FROM ddc_authority WHERE id=? 
2019-06-23 14:36:10,167 [DEBUG] [http-nio-8083-exec-2] com.ddc.server.mapper.DDCAuthMapper.selectById [BaseJdbcLogger.java : 159] ==> Parameters: 1139936539090993153(Long)
2019-06-23 14:36:10,172 [DEBUG] [http-nio-8083-exec-2] com.ddc.server.mapper.DDCAuthMapper.selectById [BaseJdbcLogger.java : 159] <==      Total: 1
2019-06-23 14:36:10,174 [DEBUG] [http-nio-8083-exec-2] com.ddc.server.mapper.DDCAuthMapper.selectById [BaseJdbcLogger.java : 159] ==>  Preparing: SELECT id AS id,`name`,flag,p_id AS pId,`level`,create_time AS createTime,create_by AS createBy,update_by AS updateBy,update_time AS updateTime,del_flag AS delFlag FROM ddc_authority WHERE id=? 
2019-06-23 14:36:10,176 [DEBUG] [http-nio-8083-exec-2] com.ddc.server.mapper.DDCAuthMapper.selectById [BaseJdbcLogger.java : 159] ==> Parameters: 1139936539376205826(Long)
2019-06-23 14:36:10,180 [DEBUG] [http-nio-8083-exec-2] com.ddc.server.mapper.DDCAuthMapper.selectById [BaseJdbcLogger.java : 159] <==      Total: 1
2019-06-23 14:36:10,182 [DEBUG] [http-nio-8083-exec-2] com.ddc.server.mapper.DDCAuthMapper.selectById [BaseJdbcLogger.java : 159] ==>  Preparing: SELECT id AS id,`name`,flag,p_id AS pId,`level`,create_time AS createTime,create_by AS createBy,update_by AS updateBy,update_time AS updateTime,del_flag AS delFlag FROM ddc_authority WHERE id=? 
2019-06-23 14:36:10,183 [DEBUG] [http-nio-8083-exec-2] com.ddc.server.mapper.DDCAuthMapper.selectById [BaseJdbcLogger.java : 159] ==> Parameters: 1139936539653029890(Long)
2019-06-23 14:36:10,187 [DEBUG] [http-nio-8083-exec-2] com.ddc.server.mapper.DDCAuthMapper.selectById [BaseJdbcLogger.java : 159] <==      Total: 1
2019-06-23 14:36:10,189 [DEBUG] [http-nio-8083-exec-2] com.ddc.server.mapper.DDCAuthMapper.selectById [BaseJdbcLogger.java : 159] ==>  Preparing: SELECT id AS id,`name`,flag,p_id AS pId,`level`,create_time AS createTime,create_by AS createBy,update_by AS updateBy,update_time AS updateTime,del_flag AS delFlag FROM ddc_authority WHERE id=? 
2019-06-23 14:36:10,191 [DEBUG] [http-nio-8083-exec-2] com.ddc.server.mapper.DDCAuthMapper.selectById [BaseJdbcLogger.java : 159] ==> Parameters: 1139936539791441922(Long)
2019-06-23 14:36:10,195 [DEBUG] [http-nio-8083-exec-2] com.ddc.server.mapper.DDCAuthMapper.selectById [BaseJdbcLogger.java : 159] <==      Total: 1
2019-06-23 14:36:10,197 [DEBUG] [http-nio-8083-exec-2] com.ddc.server.mapper.DDCAuthMapper.selectById [BaseJdbcLogger.java : 159] ==>  Preparing: SELECT id AS id,`name`,flag,p_id AS pId,`level`,create_time AS createTime,create_by AS createBy,update_by AS updateBy,update_time AS updateTime,del_flag AS delFlag FROM ddc_authority WHERE id=? 
2019-06-23 14:36:10,198 [DEBUG] [http-nio-8083-exec-2] com.ddc.server.mapper.DDCAuthMapper.selectById [BaseJdbcLogger.java : 159] ==> Parameters: 1139941078108061698(Long)
2019-06-23 14:36:10,201 [DEBUG] [http-nio-8083-exec-2] com.ddc.server.mapper.DDCAuthMapper.selectById [BaseJdbcLogger.java : 159] <==      Total: 1
2019-06-23 14:36:10,204 [DEBUG] [http-nio-8083-exec-2] com.ddc.server.mapper.DDCAuthMapper.selectById [BaseJdbcLogger.java : 159] ==>  Preparing: SELECT id AS id,`name`,flag,p_id AS pId,`level`,create_time AS createTime,create_by AS createBy,update_by AS updateBy,update_time AS updateTime,del_flag AS delFlag FROM ddc_authority WHERE id=? 
2019-06-23 14:36:10,205 [DEBUG] [http-nio-8083-exec-2] com.ddc.server.mapper.DDCAuthMapper.selectById [BaseJdbcLogger.java : 159] ==> Parameters: 1139941079345381377(Long)
2019-06-23 14:36:10,208 [DEBUG] [http-nio-8083-exec-2] com.ddc.server.mapper.DDCAuthMapper.selectById [BaseJdbcLogger.java : 159] <==      Total: 1
2019-06-23 14:36:10,210 [DEBUG] [http-nio-8083-exec-2] com.ddc.server.mapper.DDCAuthMapper.selectById [BaseJdbcLogger.java : 159] ==>  Preparing: SELECT id AS id,`name`,flag,p_id AS pId,`level`,create_time AS createTime,create_by AS createBy,update_by AS updateBy,update_time AS updateTime,del_flag AS delFlag FROM ddc_authority WHERE id=? 
2019-06-23 14:36:10,212 [DEBUG] [http-nio-8083-exec-2] com.ddc.server.mapper.DDCAuthMapper.selectById [BaseJdbcLogger.java : 159] ==> Parameters: 1139941079458627585(Long)
2019-06-23 14:36:10,215 [DEBUG] [http-nio-8083-exec-2] com.ddc.server.mapper.DDCAuthMapper.selectById [BaseJdbcLogger.java : 159] <==      Total: 1
2019-06-23 14:36:10,218 [DEBUG] [http-nio-8083-exec-2] com.ddc.server.mapper.DDCAuthMapper.selectById [BaseJdbcLogger.java : 159] ==>  Preparing: SELECT id AS id,`name`,flag,p_id AS pId,`level`,create_time AS createTime,create_by AS createBy,update_by AS updateBy,update_time AS updateTime,del_flag AS delFlag FROM ddc_authority WHERE id=? 
2019-06-23 14:36:10,219 [DEBUG] [http-nio-8083-exec-2] com.ddc.server.mapper.DDCAuthMapper.selectById [BaseJdbcLogger.java : 159] ==> Parameters: 1139941079752228866(Long)
2019-06-23 14:36:10,222 [DEBUG] [http-nio-8083-exec-2] com.ddc.server.mapper.DDCAuthMapper.selectById [BaseJdbcLogger.java : 159] <==      Total: 1
2019-06-23 14:36:10,225 [DEBUG] [http-nio-8083-exec-2] com.ddc.server.mapper.DDCAuthMapper.selectById [BaseJdbcLogger.java : 159] ==>  Preparing: SELECT id AS id,`name`,flag,p_id AS pId,`level`,create_time AS createTime,create_by AS createBy,update_by AS updateBy,update_time AS updateTime,del_flag AS delFlag FROM ddc_authority WHERE id=? 
2019-06-23 14:36:10,226 [DEBUG] [http-nio-8083-exec-2] com.ddc.server.mapper.DDCAuthMapper.selectById [BaseJdbcLogger.java : 159] ==> Parameters: 1139941080033247234(Long)
2019-06-23 14:36:10,230 [DEBUG] [http-nio-8083-exec-2] com.ddc.server.mapper.DDCAuthMapper.selectById [BaseJdbcLogger.java : 159] <==      Total: 1
2019-06-23 14:36:10,232 [DEBUG] [http-nio-8083-exec-2] com.ddc.server.mapper.DDCAuthMapper.selectById [BaseJdbcLogger.java : 159] ==>  Preparing: SELECT id AS id,`name`,flag,p_id AS pId,`level`,create_time AS createTime,create_by AS createBy,update_by AS updateBy,update_time AS updateTime,del_flag AS delFlag FROM ddc_authority WHERE id=? 
2019-06-23 14:36:10,233 [DEBUG] [http-nio-8083-exec-2] com.ddc.server.mapper.DDCAuthMapper.selectById [BaseJdbcLogger.java : 159] ==> Parameters: 1139941080171659266(Long)
2019-06-23 14:36:10,236 [DEBUG] [http-nio-8083-exec-2] com.ddc.server.mapper.DDCAuthMapper.selectById [BaseJdbcLogger.java : 159] <==      Total: 1
2019-06-23 14:36:10,240 [DEBUG] [http-nio-8083-exec-2] com.ddc.server.mapper.DDCAuthMapper.selectById [BaseJdbcLogger.java : 159] ==>  Preparing: SELECT id AS id,`name`,flag,p_id AS pId,`level`,create_time AS createTime,create_by AS createBy,update_by AS updateBy,update_time AS updateTime,del_flag AS delFlag FROM ddc_authority WHERE id=? 
2019-06-23 14:36:10,243 [DEBUG] [http-nio-8083-exec-2] com.ddc.server.mapper.DDCAuthMapper.selectById [BaseJdbcLogger.java : 159] ==> Parameters: 1139941080310071298(Long)
2019-06-23 14:36:10,247 [DEBUG] [http-nio-8083-exec-2] com.ddc.server.mapper.DDCAuthMapper.selectById [BaseJdbcLogger.java : 159] <==      Total: 1
2019-06-23 14:36:10,251 [DEBUG] [http-nio-8083-exec-2] com.ddc.server.mapper.DDCAuthMapper.selectById [BaseJdbcLogger.java : 159] ==>  Preparing: SELECT id AS id,`name`,flag,p_id AS pId,`level`,create_time AS createTime,create_by AS createBy,update_by AS updateBy,update_time AS updateTime,del_flag AS delFlag FROM ddc_authority WHERE id=? 
2019-06-23 14:36:10,253 [DEBUG] [http-nio-8083-exec-2] com.ddc.server.mapper.DDCAuthMapper.selectById [BaseJdbcLogger.java : 159] ==> Parameters: 1139941080435900417(Long)
2019-06-23 14:36:10,256 [DEBUG] [http-nio-8083-exec-2] com.ddc.server.mapper.DDCAuthMapper.selectById [BaseJdbcLogger.java : 159] <==      Total: 1
2019-06-23 14:36:10,260 [DEBUG] [http-nio-8083-exec-2] com.ddc.server.mapper.DDCAuthMapper.selectById [BaseJdbcLogger.java : 159] ==>  Preparing: SELECT id AS id,`name`,flag,p_id AS pId,`level`,create_time AS createTime,create_by AS createBy,update_by AS updateBy,update_time AS updateTime,del_flag AS delFlag FROM ddc_authority WHERE id=? 
2019-06-23 14:36:10,261 [DEBUG] [http-nio-8083-exec-2] com.ddc.server.mapper.DDCAuthMapper.selectById [BaseJdbcLogger.java : 159] ==> Parameters: 1139941080591089666(Long)
2019-06-23 14:36:10,265 [DEBUG] [http-nio-8083-exec-2] com.ddc.server.mapper.DDCAuthMapper.selectById [BaseJdbcLogger.java : 159] <==      Total: 1
2019-06-23 14:36:10,271 [DEBUG] [http-nio-8083-exec-2] com.ddc.server.mapper.DDCAuthMapper.selectById [BaseJdbcLogger.java : 159] ==>  Preparing: SELECT id AS id,`name`,flag,p_id AS pId,`level`,create_time AS createTime,create_by AS createBy,update_by AS updateBy,update_time AS updateTime,del_flag AS delFlag FROM ddc_authority WHERE id=? 
2019-06-23 14:36:10,272 [DEBUG] [http-nio-8083-exec-2] com.ddc.server.mapper.DDCAuthMapper.selectById [BaseJdbcLogger.java : 159] ==> Parameters: 1139941080721113089(Long)
2019-06-23 14:36:10,284 [DEBUG] [http-nio-8083-exec-2] com.ddc.server.mapper.DDCAuthMapper.selectById [BaseJdbcLogger.java : 159] <==      Total: 1
2019-06-23 14:36:10,290 [DEBUG] [http-nio-8083-exec-2] com.ddc.server.mapper.DDCAuthMapper.selectById [BaseJdbcLogger.java : 159] ==>  Preparing: SELECT id AS id,`name`,flag,p_id AS pId,`level`,create_time AS createTime,create_by AS createBy,update_by AS updateBy,update_time AS updateTime,del_flag AS delFlag FROM ddc_authority WHERE id=? 
2019-06-23 14:36:10,292 [DEBUG] [http-nio-8083-exec-2] com.ddc.server.mapper.DDCAuthMapper.selectById [BaseJdbcLogger.java : 159] ==> Parameters: 1139941080872108033(Long)
2019-06-23 14:36:10,298 [DEBUG] [http-nio-8083-exec-2] com.ddc.server.mapper.DDCAuthMapper.selectById [BaseJdbcLogger.java : 159] <==      Total: 1
2019-06-23 14:36:10,302 [DEBUG] [http-nio-8083-exec-2] com.ddc.server.mapper.DDCAuthMapper.selectById [BaseJdbcLogger.java : 159] ==>  Preparing: SELECT id AS id,`name`,flag,p_id AS pId,`level`,create_time AS createTime,create_by AS createBy,update_by AS updateBy,update_time AS updateTime,del_flag AS delFlag FROM ddc_authority WHERE id=? 
2019-06-23 14:36:10,305 [DEBUG] [http-nio-8083-exec-2] com.ddc.server.mapper.DDCAuthMapper.selectById [BaseJdbcLogger.java : 159] ==> Parameters: 1139941080997937154(Long)
2019-06-23 14:36:10,326 [DEBUG] [http-nio-8083-exec-2] com.ddc.server.mapper.DDCAuthMapper.selectById [BaseJdbcLogger.java : 159] <==      Total: 1
2019-06-23 14:36:10,331 [DEBUG] [http-nio-8083-exec-2] com.ddc.server.mapper.DDCAuthMapper.selectById [BaseJdbcLogger.java : 159] ==>  Preparing: SELECT id AS id,`name`,flag,p_id AS pId,`level`,create_time AS createTime,create_by AS createBy,update_by AS updateBy,update_time AS updateTime,del_flag AS delFlag FROM ddc_authority WHERE id=? 
2019-06-23 14:36:10,332 [DEBUG] [http-nio-8083-exec-2] com.ddc.server.mapper.DDCAuthMapper.selectById [BaseJdbcLogger.java : 159] ==> Parameters: 1139941081274761217(Long)
2019-06-23 14:36:10,339 [DEBUG] [http-nio-8083-exec-2] com.ddc.server.mapper.DDCAuthMapper.selectById [BaseJdbcLogger.java : 159] <==      Total: 1
2019-06-23 14:36:14,740 [INFO] [http-nio-8083-exec-8] com.ddc.server.controller.IndexController [IndexController.java : 30] {"createBy":0,"createTime":1560619499537,"delFlag":0,"email":"hello@qq.com","id":2147483647,"mobile":"13812341234","name":"root","password":"f2f337ace5db36a0f83d726f31eb66ff","roleId":1,"salt":"root_0ba80d42-8f92-4374-85be-fef484195bcc","sex":0,"status":0,"updateBy":0,"updateTime":1560619499537}
2019-06-23 14:36:15,607 [DEBUG] [http-nio-8083-exec-6] com.ddc.server.mapper.DDCRecordMapper.selectPage [BaseJdbcLogger.java : 159] ==>  Preparing: SELECT COUNT(1) FROM ddc_record 
2019-06-23 14:36:15,614 [DEBUG] [http-nio-8083-exec-6] com.ddc.server.mapper.DDCRecordMapper.selectPage [BaseJdbcLogger.java : 159] ==> Parameters: 
2019-06-23 14:36:15,622 [DEBUG] [http-nio-8083-exec-6] com.ddc.server.mapper.DDCRecordMapper.selectPage [BaseJdbcLogger.java : 159] ==>  Preparing: SELECT id AS id,user_id AS userId,ip,visit_time AS visitTime,is_member AS isMember,info_id AS infoId,info_title AS infoTitle FROM ddc_record LIMIT 0,10 
2019-06-23 14:36:15,626 [DEBUG] [http-nio-8083-exec-6] com.ddc.server.mapper.DDCRecordMapper.selectPage [BaseJdbcLogger.java : 159] ==> Parameters: 
2019-06-23 14:36:15,631 [DEBUG] [http-nio-8083-exec-6] com.ddc.server.mapper.DDCRecordMapper.selectPage [BaseJdbcLogger.java : 159] <==      Total: 10
2019-06-23 14:39:25,400 [INFO] [http-nio-8083-exec-3] com.ddc.server.controller.IndexController [IndexController.java : 30] {"createBy":0,"createTime":1560619499537,"delFlag":0,"email":"hello@qq.com","id":2147483647,"mobile":"13812341234","name":"root","password":"f2f337ace5db36a0f83d726f31eb66ff","roleId":1,"salt":"root_0ba80d42-8f92-4374-85be-fef484195bcc","sex":0,"status":0,"updateBy":0,"updateTime":1560619499537}
2019-06-23 14:39:26,332 [DEBUG] [http-nio-8083-exec-6] com.ddc.server.mapper.DDCChartMapper.selectUserCity [BaseJdbcLogger.java : 159] ==>  Preparing: select count(id) as value,city as name from ddc_user GROUP BY city 
2019-06-23 14:39:26,336 [DEBUG] [http-nio-8083-exec-6] com.ddc.server.mapper.DDCChartMapper.selectUserCity [BaseJdbcLogger.java : 159] ==> Parameters: 
2019-06-23 14:39:26,341 [DEBUG] [http-nio-8083-exec-6] com.ddc.server.mapper.DDCChartMapper.selectUserCity [BaseJdbcLogger.java : 159] <==      Total: 14
2019-06-23 15:22:32,371 [DEBUG] [http-nio-8083-exec-4] com.ddc.server.mapper.DDCAdminMapper.selectOne [BaseJdbcLogger.java : 159] ==>  Preparing: SELECT id AS id,`name`,`password`,salt,sex,mobile,email,role_id AS roleId,remark,create_time AS createTime,create_by AS createBy,update_by AS updateBy,update_time AS updateTime,`status`,del_flag AS delFlag FROM ddc_admin WHERE `name`=? 
2019-06-23 15:22:32,373 [DEBUG] [http-nio-8083-exec-4] com.ddc.server.mapper.DDCAdminMapper.selectOne [BaseJdbcLogger.java : 159] ==> Parameters: root(String)
2019-06-23 15:22:32,376 [DEBUG] [http-nio-8083-exec-4] com.ddc.server.mapper.DDCAdminMapper.selectOne [BaseJdbcLogger.java : 159] <==      Total: 1
2019-06-23 15:22:32,388 [INFO] [http-nio-8083-exec-10] com.ddc.server.controller.IndexController [IndexController.java : 30] {"createBy":0,"createTime":1560619499537,"delFlag":0,"email":"hello@qq.com","id":2147483647,"mobile":"13812341234","name":"root","password":"f2f337ace5db36a0f83d726f31eb66ff","roleId":1,"salt":"root_0ba80d42-8f92-4374-85be-fef484195bcc","sex":0,"status":0,"updateBy":0,"updateTime":1560619499537}
2019-06-23 15:22:32,852 [DEBUG] [http-nio-8083-exec-3] com.ddc.server.mapper.DDCChartMapper.selectUserCity [BaseJdbcLogger.java : 159] ==>  Preparing: select count(id) as value,city as name from ddc_user GROUP BY city 
2019-06-23 15:22:32,853 [DEBUG] [http-nio-8083-exec-3] com.ddc.server.mapper.DDCChartMapper.selectUserCity [BaseJdbcLogger.java : 159] ==> Parameters: 
2019-06-23 15:22:32,860 [DEBUG] [http-nio-8083-exec-3] com.ddc.server.mapper.DDCChartMapper.selectUserCity [BaseJdbcLogger.java : 159] <==      Total: 14
2019-06-23 15:22:55,819 [WARN] [http-nio-8083-exec-5] o.s.c.annotation.ClassPathScanningCandidateComponentProvider [ClassPathMapperScanner.java : 166] No MyBatis mapper was found in '[com.ddc.server.mapper]' package. Please check your configuration.
2019-06-23 15:22:55,954 [INFO] [http-nio-8083-exec-5] com.ddc.server.controller.IndexController [IndexController.java : 30] {"createBy":0,"createTime":1560619499537,"delFlag":0,"email":"hello@qq.com","id":2147483647,"mobile":"13812341234","name":"root","password":"f2f337ace5db36a0f83d726f31eb66ff","roleId":1,"salt":"root_0ba80d42-8f92-4374-85be-fef484195bcc","sex":0,"status":0,"updateBy":0,"updateTime":1560619499537}
2019-06-23 15:22:56,447 [DEBUG] [http-nio-8083-exec-9] com.ddc.server.mapper.DDCChartMapper.selectUserCity [BaseJdbcLogger.java : 159] ==>  Preparing: select count(id) as value,city as name from ddc_user GROUP BY city 
2019-06-23 15:22:56,448 [DEBUG] [http-nio-8083-exec-9] com.ddc.server.mapper.DDCChartMapper.selectUserCity [BaseJdbcLogger.java : 159] ==> Parameters: 
2019-06-23 15:22:56,453 [DEBUG] [http-nio-8083-exec-9] com.ddc.server.mapper.DDCChartMapper.selectUserCity [BaseJdbcLogger.java : 159] <==      Total: 14
2019-06-23 15:22:59,680 [INFO] [http-nio-8083-exec-6] com.ddc.server.controller.IndexController [IndexController.java : 30] {"createBy":0,"createTime":1560619499537,"delFlag":0,"email":"hello@qq.com","id":2147483647,"mobile":"13812341234","name":"root","password":"f2f337ace5db36a0f83d726f31eb66ff","roleId":1,"salt":"root_0ba80d42-8f92-4374-85be-fef484195bcc","sex":0,"status":0,"updateBy":0,"updateTime":1560619499537}
2019-06-23 15:23:00,232 [DEBUG] [http-nio-8083-exec-7] com.ddc.server.mapper.DDCChartMapper.selectUserCity [BaseJdbcLogger.java : 159] ==>  Preparing: select count(id) as value,city as name from ddc_user GROUP BY city 
2019-06-23 15:23:00,236 [DEBUG] [http-nio-8083-exec-7] com.ddc.server.mapper.DDCChartMapper.selectUserCity [BaseJdbcLogger.java : 159] ==> Parameters: 
2019-06-23 15:23:00,251 [DEBUG] [http-nio-8083-exec-7] com.ddc.server.mapper.DDCChartMapper.selectUserCity [BaseJdbcLogger.java : 159] <==      Total: 14
2019-06-23 15:23:04,309 [INFO] [http-nio-8083-exec-2] com.ddc.server.controller.IndexController [IndexController.java : 30] {"createBy":0,"createTime":1560619499537,"delFlag":0,"email":"hello@qq.com","id":2147483647,"mobile":"13812341234","name":"root","password":"f2f337ace5db36a0f83d726f31eb66ff","roleId":1,"salt":"root_0ba80d42-8f92-4374-85be-fef484195bcc","sex":0,"status":0,"updateBy":0,"updateTime":1560619499537}
2019-06-23 15:23:04,527 [DEBUG] [http-nio-8083-exec-8] com.ddc.server.mapper.DDCChartMapper.selectUserCity [BaseJdbcLogger.java : 159] ==>  Preparing: select count(id) as value,city as name from ddc_user GROUP BY city 
2019-06-23 15:23:04,528 [DEBUG] [http-nio-8083-exec-8] com.ddc.server.mapper.DDCChartMapper.selectUserCity [BaseJdbcLogger.java : 159] ==> Parameters: 
2019-06-23 15:23:04,541 [DEBUG] [http-nio-8083-exec-8] com.ddc.server.mapper.DDCChartMapper.selectUserCity [BaseJdbcLogger.java : 159] <==      Total: 14
2019-06-23 15:23:20,297 [WARN] [http-nio-8083-exec-1] o.s.c.annotation.ClassPathScanningCandidateComponentProvider [ClassPathMapperScanner.java : 166] No MyBatis mapper was found in '[com.ddc.server.mapper]' package. Please check your configuration.
2019-06-23 15:23:22,412 [INFO] [http-nio-8083-exec-1] com.ddc.server.controller.IndexController [IndexController.java : 30] {"createBy":0,"createTime":1560619499537,"delFlag":0,"email":"hello@qq.com","id":2147483647,"mobile":"13812341234","name":"root","password":"f2f337ace5db36a0f83d726f31eb66ff","roleId":1,"salt":"root_0ba80d42-8f92-4374-85be-fef484195bcc","sex":0,"status":0,"updateBy":0,"updateTime":1560619499537}
2019-06-23 15:23:22,946 [DEBUG] [http-nio-8083-exec-4] com.ddc.server.mapper.DDCChartMapper.selectRecord [BaseJdbcLogger.java : 159] ==>  Preparing: select count(info_title) as value,info_title as name from ddc_record GROUP BY info_title 
2019-06-23 15:23:22,950 [DEBUG] [http-nio-8083-exec-4] com.ddc.server.mapper.DDCChartMapper.selectRecord [BaseJdbcLogger.java : 159] ==> Parameters: 
2019-06-23 15:23:22,956 [DEBUG] [http-nio-8083-exec-4] com.ddc.server.mapper.DDCChartMapper.selectRecord [BaseJdbcLogger.java : 159] <==      Total: 7
2019-06-23 15:23:42,673 [INFO] [http-nio-8083-exec-10] com.ddc.server.controller.IndexController [IndexController.java : 30] {"createBy":0,"createTime":1560619499537,"delFlag":0,"email":"hello@qq.com","id":2147483647,"mobile":"13812341234","name":"root","password":"f2f337ace5db36a0f83d726f31eb66ff","roleId":1,"salt":"root_0ba80d42-8f92-4374-85be-fef484195bcc","sex":0,"status":0,"updateBy":0,"updateTime":1560619499537}
2019-06-23 15:23:43,178 [DEBUG] [http-nio-8083-exec-3] com.ddc.server.mapper.DDCChartMapper.selectSort [BaseJdbcLogger.java : 159] ==>  Preparing: select count(sort) as value,sort as name from ddc_consulation GROUP BY sort 
2019-06-23 15:23:43,181 [DEBUG] [http-nio-8083-exec-3] com.ddc.server.mapper.DDCChartMapper.selectSort [BaseJdbcLogger.java : 159] ==> Parameters: 
2019-06-23 15:23:43,188 [DEBUG] [http-nio-8083-exec-3] com.ddc.server.mapper.DDCChartMapper.selectSort [BaseJdbcLogger.java : 159] <==      Total: 15
2019-06-23 15:23:43,294 [DEBUG] [http-nio-8083-exec-5] com.ddc.server.mapper.DDCChartMapper.selectSort1 [BaseJdbcLogger.java : 159] ==>  Preparing: select count(classify) as value,classify as name from ddc_picture GROUP BY classify 
2019-06-23 15:23:43,298 [DEBUG] [http-nio-8083-exec-5] com.ddc.server.mapper.DDCChartMapper.selectSort1 [BaseJdbcLogger.java : 159] ==> Parameters: 
2019-06-23 15:23:43,301 [DEBUG] [http-nio-8083-exec-5] com.ddc.server.mapper.DDCChartMapper.selectSort1 [BaseJdbcLogger.java : 159] <==      Total: 3
2019-06-23 19:11:02,121 [WARN] [http-nio-8083-exec-6] o.s.c.annotation.ClassPathScanningCandidateComponentProvider [ClassPathMapperScanner.java : 166] No MyBatis mapper was found in '[com.ddc.server.mapper]' package. Please check your configuration.
2019-06-23 19:11:10,172 [DEBUG] [http-nio-8083-exec-8] com.ddc.server.mapper.DDCAdminMapper.selectOne [BaseJdbcLogger.java : 159] ==>  Preparing: SELECT id AS id,`name`,`password`,salt,sex,mobile,email,role_id AS roleId,remark,create_time AS createTime,create_by AS createBy,update_by AS updateBy,update_time AS updateTime,`status`,del_flag AS delFlag FROM ddc_admin WHERE `name`=? 
2019-06-23 19:11:10,186 [DEBUG] [http-nio-8083-exec-8] com.ddc.server.mapper.DDCAdminMapper.selectOne [BaseJdbcLogger.java : 159] ==> Parameters: root(String)
2019-06-23 19:11:10,221 [DEBUG] [http-nio-8083-exec-8] com.ddc.server.mapper.DDCAdminMapper.selectOne [BaseJdbcLogger.java : 159] <==      Total: 1
2019-06-23 19:11:12,271 [INFO] [http-nio-8083-exec-10] com.ddc.server.controller.IndexController [IndexController.java : 30] {"createBy":0,"createTime":1560619499537,"delFlag":0,"email":"hello@qq.com","id":2147483647,"mobile":"13812341234","name":"root","password":"f2f337ace5db36a0f83d726f31eb66ff","roleId":1,"salt":"root_0ba80d42-8f92-4374-85be-fef484195bcc","sex":0,"status":0,"updateBy":0,"updateTime":1560619499537}
2019-06-23 19:11:12,326 [DEBUG] [http-nio-8083-exec-10] com.ddc.server.mapper.DDCAdminMapper.selectOne [BaseJdbcLogger.java : 159] ==>  Preparing: SELECT id AS id,`name`,`password`,salt,sex,mobile,email,role_id AS roleId,remark,create_time AS createTime,create_by AS createBy,update_by AS updateBy,update_time AS updateTime,`status`,del_flag AS delFlag FROM ddc_admin WHERE `name`=? 
2019-06-23 19:11:12,337 [DEBUG] [http-nio-8083-exec-10] com.ddc.server.mapper.DDCAdminMapper.selectOne [BaseJdbcLogger.java : 159] ==> Parameters: root(String)
2019-06-23 19:11:12,372 [DEBUG] [http-nio-8083-exec-10] com.ddc.server.mapper.DDCAdminMapper.selectOne [BaseJdbcLogger.java : 159] <==      Total: 1
2019-06-23 19:11:12,407 [DEBUG] [http-nio-8083-exec-10] com.ddc.server.mapper.DDCRoleAuthMapper.selectList [BaseJdbcLogger.java : 159] ==>  Preparing: SELECT id AS id,role_id AS roleId,auth_id AS authId FROM dcc_role_auth WHERE (role_id = ?) 
2019-06-23 19:11:12,417 [DEBUG] [http-nio-8083-exec-10] com.ddc.server.mapper.DDCRoleAuthMapper.selectList [BaseJdbcLogger.java : 159] ==> Parameters: 1(Long)
2019-06-23 19:11:12,471 [DEBUG] [http-nio-8083-exec-10] com.ddc.server.mapper.DDCRoleAuthMapper.selectList [BaseJdbcLogger.java : 159] <==      Total: 19
2019-06-23 19:11:12,513 [DEBUG] [http-nio-8083-exec-10] com.ddc.server.mapper.DDCAuthMapper.selectById [BaseJdbcLogger.java : 159] ==>  Preparing: SELECT id AS id,`name`,flag,p_id AS pId,`level`,create_time AS createTime,create_by AS createBy,update_by AS updateBy,update_time AS updateTime,del_flag AS delFlag FROM ddc_authority WHERE id=? 
2019-06-23 19:11:12,529 [DEBUG] [http-nio-8083-exec-10] com.ddc.server.mapper.DDCAuthMapper.selectById [BaseJdbcLogger.java : 159] ==> Parameters: 1139936537677512705(Long)
2019-06-23 19:11:12,556 [DEBUG] [http-nio-8083-exec-10] com.ddc.server.mapper.DDCAuthMapper.selectById [BaseJdbcLogger.java : 159] <==      Total: 1
2019-06-23 19:11:12,575 [DEBUG] [http-nio-8083-exec-10] com.ddc.server.mapper.DDCAuthMapper.selectById [BaseJdbcLogger.java : 159] ==>  Preparing: SELECT id AS id,`name`,flag,p_id AS pId,`level`,create_time AS createTime,create_by AS createBy,update_by AS updateBy,update_time AS updateTime,del_flag AS delFlag FROM ddc_authority WHERE id=? 
2019-06-23 19:11:12,580 [DEBUG] [http-nio-8083-exec-10] com.ddc.server.mapper.DDCAuthMapper.selectById [BaseJdbcLogger.java : 159] ==> Parameters: 1139936538944192514(Long)
2019-06-23 19:11:12,624 [DEBUG] [http-nio-8083-exec-10] com.ddc.server.mapper.DDCAuthMapper.selectById [BaseJdbcLogger.java : 159] <==      Total: 1
2019-06-23 19:11:12,638 [DEBUG] [http-nio-8083-exec-10] com.ddc.server.mapper.DDCAuthMapper.selectById [BaseJdbcLogger.java : 159] ==>  Preparing: SELECT id AS id,`name`,flag,p_id AS pId,`level`,create_time AS createTime,create_by AS createBy,update_by AS updateBy,update_time AS updateTime,del_flag AS delFlag FROM ddc_authority WHERE id=? 
2019-06-23 19:11:12,649 [DEBUG] [http-nio-8083-exec-10] com.ddc.server.mapper.DDCAuthMapper.selectById [BaseJdbcLogger.java : 159] ==> Parameters: 1139936539090993153(Long)
2019-06-23 19:11:12,661 [DEBUG] [http-nio-8083-exec-10] com.ddc.server.mapper.DDCAuthMapper.selectById [BaseJdbcLogger.java : 159] <==      Total: 1
2019-06-23 19:11:12,691 [DEBUG] [http-nio-8083-exec-10] com.ddc.server.mapper.DDCAuthMapper.selectById [BaseJdbcLogger.java : 159] ==>  Preparing: SELECT id AS id,`name`,flag,p_id AS pId,`level`,create_time AS createTime,create_by AS createBy,update_by AS updateBy,update_time AS updateTime,del_flag AS delFlag FROM ddc_authority WHERE id=? 
2019-06-23 19:11:12,698 [DEBUG] [http-nio-8083-exec-10] com.ddc.server.mapper.DDCAuthMapper.selectById [BaseJdbcLogger.java : 159] ==> Parameters: 1139936539376205826(Long)
2019-06-23 19:11:12,736 [DEBUG] [http-nio-8083-exec-10] com.ddc.server.mapper.DDCAuthMapper.selectById [BaseJdbcLogger.java : 159] <==      Total: 1
2019-06-23 19:11:12,759 [DEBUG] [http-nio-8083-exec-10] com.ddc.server.mapper.DDCAuthMapper.selectById [BaseJdbcLogger.java : 159] ==>  Preparing: SELECT id AS id,`name`,flag,p_id AS pId,`level`,create_time AS createTime,create_by AS createBy,update_by AS updateBy,update_time AS updateTime,del_flag AS delFlag FROM ddc_authority WHERE id=? 
2019-06-23 19:11:12,774 [DEBUG] [http-nio-8083-exec-10] com.ddc.server.mapper.DDCAuthMapper.selectById [BaseJdbcLogger.java : 159] ==> Parameters: 1139936539653029890(Long)
2019-06-23 19:11:12,793 [DEBUG] [http-nio-8083-exec-10] com.ddc.server.mapper.DDCAuthMapper.selectById [BaseJdbcLogger.java : 159] <==      Total: 1
2019-06-23 19:11:12,812 [DEBUG] [http-nio-8083-exec-10] com.ddc.server.mapper.DDCAuthMapper.selectById [BaseJdbcLogger.java : 159] ==>  Preparing: SELECT id AS id,`name`,flag,p_id AS pId,`level`,create_time AS createTime,create_by AS createBy,update_by AS updateBy,update_time AS updateTime,del_flag AS delFlag FROM ddc_authority WHERE id=? 
2019-06-23 19:11:12,820 [DEBUG] [http-nio-8083-exec-10] com.ddc.server.mapper.DDCAuthMapper.selectById [BaseJdbcLogger.java : 159] ==> Parameters: 1139936539791441922(Long)
2019-06-23 19:11:12,838 [DEBUG] [http-nio-8083-exec-10] com.ddc.server.mapper.DDCAuthMapper.selectById [BaseJdbcLogger.java : 159] <==      Total: 1
2019-06-23 19:11:12,870 [DEBUG] [http-nio-8083-exec-10] com.ddc.server.mapper.DDCAuthMapper.selectById [BaseJdbcLogger.java : 159] ==>  Preparing: SELECT id AS id,`name`,flag,p_id AS pId,`level`,create_time AS createTime,create_by AS createBy,update_by AS updateBy,update_time AS updateTime,del_flag AS delFlag FROM ddc_authority WHERE id=? 
2019-06-23 19:11:12,879 [DEBUG] [http-nio-8083-exec-10] com.ddc.server.mapper.DDCAuthMapper.selectById [BaseJdbcLogger.java : 159] ==> Parameters: 1139941078108061698(Long)
2019-06-23 19:11:12,903 [DEBUG] [http-nio-8083-exec-10] com.ddc.server.mapper.DDCAuthMapper.selectById [BaseJdbcLogger.java : 159] <==      Total: 1
2019-06-23 19:11:12,923 [DEBUG] [http-nio-8083-exec-10] com.ddc.server.mapper.DDCAuthMapper.selectById [BaseJdbcLogger.java : 159] ==>  Preparing: SELECT id AS id,`name`,flag,p_id AS pId,`level`,create_time AS createTime,create_by AS createBy,update_by AS updateBy,update_time AS updateTime,del_flag AS delFlag FROM ddc_authority WHERE id=? 
2019-06-23 19:11:12,935 [DEBUG] [http-nio-8083-exec-10] com.ddc.server.mapper.DDCAuthMapper.selectById [BaseJdbcLogger.java : 159] ==> Parameters: 1139941079345381377(Long)
2019-06-23 19:11:12,955 [DEBUG] [http-nio-8083-exec-10] com.ddc.server.mapper.DDCAuthMapper.selectById [BaseJdbcLogger.java : 159] <==      Total: 1
2019-06-23 19:11:12,976 [DEBUG] [http-nio-8083-exec-10] com.ddc.server.mapper.DDCAuthMapper.selectById [BaseJdbcLogger.java : 159] ==>  Preparing: SELECT id AS id,`name`,flag,p_id AS pId,`level`,create_time AS createTime,create_by AS createBy,update_by AS updateBy,update_time AS updateTime,del_flag AS delFlag FROM ddc_authority WHERE id=? 
2019-06-23 19:11:12,987 [DEBUG] [http-nio-8083-exec-10] com.ddc.server.mapper.DDCAuthMapper.selectById [BaseJdbcLogger.java : 159] ==> Parameters: 1139941079458627585(Long)
2019-06-23 19:11:13,000 [DEBUG] [http-nio-8083-exec-10] com.ddc.server.mapper.DDCAuthMapper.selectById [BaseJdbcLogger.java : 159] <==      Total: 1
2019-06-23 19:11:13,009 [DEBUG] [http-nio-8083-exec-10] com.ddc.server.mapper.DDCAuthMapper.selectById [BaseJdbcLogger.java : 159] ==>  Preparing: SELECT id AS id,`name`,flag,p_id AS pId,`level`,create_time AS createTime,create_by AS createBy,update_by AS updateBy,update_time AS updateTime,del_flag AS delFlag FROM ddc_authority WHERE id=? 
2019-06-23 19:11:13,018 [DEBUG] [http-nio-8083-exec-10] com.ddc.server.mapper.DDCAuthMapper.selectById [BaseJdbcLogger.java : 159] ==> Parameters: 1139941079752228866(Long)
2019-06-23 19:11:13,029 [DEBUG] [http-nio-8083-exec-10] com.ddc.server.mapper.DDCAuthMapper.selectById [BaseJdbcLogger.java : 159] <==      Total: 1
2019-06-23 19:11:13,039 [DEBUG] [http-nio-8083-exec-10] com.ddc.server.mapper.DDCAuthMapper.selectById [BaseJdbcLogger.java : 159] ==>  Preparing: SELECT id AS id,`name`,flag,p_id AS pId,`level`,create_time AS createTime,create_by AS createBy,update_by AS updateBy,update_time AS updateTime,del_flag AS delFlag FROM ddc_authority WHERE id=? 
2019-06-23 19:11:13,049 [DEBUG] [http-nio-8083-exec-10] com.ddc.server.mapper.DDCAuthMapper.selectById [BaseJdbcLogger.java : 159] ==> Parameters: 1139941080033247234(Long)
2019-06-23 19:11:13,054 [DEBUG] [http-nio-8083-exec-10] com.ddc.server.mapper.DDCAuthMapper.selectById [BaseJdbcLogger.java : 159] <==      Total: 1
2019-06-23 19:11:13,058 [DEBUG] [http-nio-8083-exec-10] com.ddc.server.mapper.DDCAuthMapper.selectById [BaseJdbcLogger.java : 159] ==>  Preparing: SELECT id AS id,`name`,flag,p_id AS pId,`level`,create_time AS createTime,create_by AS createBy,update_by AS updateBy,update_time AS updateTime,del_flag AS delFlag FROM ddc_authority WHERE id=? 
2019-06-23 19:11:13,062 [DEBUG] [http-nio-8083-exec-10] com.ddc.server.mapper.DDCAuthMapper.selectById [BaseJdbcLogger.java : 159] ==> Parameters: 1139941080171659266(Long)
2019-06-23 19:11:13,078 [DEBUG] [http-nio-8083-exec-10] com.ddc.server.mapper.DDCAuthMapper.selectById [BaseJdbcLogger.java : 159] <==      Total: 1
2019-06-23 19:11:13,099 [DEBUG] [http-nio-8083-exec-10] com.ddc.server.mapper.DDCAuthMapper.selectById [BaseJdbcLogger.java : 159] ==>  Preparing: SELECT id AS id,`name`,flag,p_id AS pId,`level`,create_time AS createTime,create_by AS createBy,update_by AS updateBy,update_time AS updateTime,del_flag AS delFlag FROM ddc_authority WHERE id=? 
2019-06-23 19:11:13,101 [DEBUG] [http-nio-8083-exec-10] com.ddc.server.mapper.DDCAuthMapper.selectById [BaseJdbcLogger.java : 159] ==> Parameters: 1139941080310071298(Long)
2019-06-23 19:11:13,118 [DEBUG] [http-nio-8083-exec-10] com.ddc.server.mapper.DDCAuthMapper.selectById [BaseJdbcLogger.java : 159] <==      Total: 1
2019-06-23 19:11:13,123 [DEBUG] [http-nio-8083-exec-10] com.ddc.server.mapper.DDCAuthMapper.selectById [BaseJdbcLogger.java : 159] ==>  Preparing: SELECT id AS id,`name`,flag,p_id AS pId,`level`,create_time AS createTime,create_by AS createBy,update_by AS updateBy,update_time AS updateTime,del_flag AS delFlag FROM ddc_authority WHERE id=? 
2019-06-23 19:11:13,125 [DEBUG] [http-nio-8083-exec-10] com.ddc.server.mapper.DDCAuthMapper.selectById [BaseJdbcLogger.java : 159] ==> Parameters: 1139941080435900417(Long)
2019-06-23 19:11:13,132 [DEBUG] [http-nio-8083-exec-10] com.ddc.server.mapper.DDCAuthMapper.selectById [BaseJdbcLogger.java : 159] <==      Total: 1
2019-06-23 19:11:13,147 [DEBUG] [http-nio-8083-exec-10] com.ddc.server.mapper.DDCAuthMapper.selectById [BaseJdbcLogger.java : 159] ==>  Preparing: SELECT id AS id,`name`,flag,p_id AS pId,`level`,create_time AS createTime,create_by AS createBy,update_by AS updateBy,update_time AS updateTime,del_flag AS delFlag FROM ddc_authority WHERE id=? 
2019-06-23 19:11:13,159 [DEBUG] [http-nio-8083-exec-10] com.ddc.server.mapper.DDCAuthMapper.selectById [BaseJdbcLogger.java : 159] ==> Parameters: 1139941080591089666(Long)
2019-06-23 19:11:13,172 [DEBUG] [http-nio-8083-exec-10] com.ddc.server.mapper.DDCAuthMapper.selectById [BaseJdbcLogger.java : 159] <==      Total: 1
2019-06-23 19:11:13,187 [DEBUG] [http-nio-8083-exec-10] com.ddc.server.mapper.DDCAuthMapper.selectById [BaseJdbcLogger.java : 159] ==>  Preparing: SELECT id AS id,`name`,flag,p_id AS pId,`level`,create_time AS createTime,create_by AS createBy,update_by AS updateBy,update_time AS updateTime,del_flag AS delFlag FROM ddc_authority WHERE id=? 
2019-06-23 19:11:13,196 [DEBUG] [http-nio-8083-exec-10] com.ddc.server.mapper.DDCAuthMapper.selectById [BaseJdbcLogger.java : 159] ==> Parameters: 1139941080721113089(Long)
2019-06-23 19:11:13,307 [DEBUG] [http-nio-8083-exec-10] com.ddc.server.mapper.DDCAuthMapper.selectById [BaseJdbcLogger.java : 159] <==      Total: 1
2019-06-23 19:11:13,340 [DEBUG] [http-nio-8083-exec-10] com.ddc.server.mapper.DDCAuthMapper.selectById [BaseJdbcLogger.java : 159] ==>  Preparing: SELECT id AS id,`name`,flag,p_id AS pId,`level`,create_time AS createTime,create_by AS createBy,update_by AS updateBy,update_time AS updateTime,del_flag AS delFlag FROM ddc_authority WHERE id=? 
2019-06-23 19:11:13,350 [DEBUG] [http-nio-8083-exec-10] com.ddc.server.mapper.DDCAuthMapper.selectById [BaseJdbcLogger.java : 159] ==> Parameters: 1139941080872108033(Long)
2019-06-23 19:11:13,367 [DEBUG] [http-nio-8083-exec-10] com.ddc.server.mapper.DDCAuthMapper.selectById [BaseJdbcLogger.java : 159] <==      Total: 1
2019-06-23 19:11:13,375 [DEBUG] [http-nio-8083-exec-10] com.ddc.server.mapper.DDCAuthMapper.selectById [BaseJdbcLogger.java : 159] ==>  Preparing: SELECT id AS id,`name`,flag,p_id AS pId,`level`,create_time AS createTime,create_by AS createBy,update_by AS updateBy,update_time AS updateTime,del_flag AS delFlag FROM ddc_authority WHERE id=? 
2019-06-23 19:11:13,383 [DEBUG] [http-nio-8083-exec-10] com.ddc.server.mapper.DDCAuthMapper.selectById [BaseJdbcLogger.java : 159] ==> Parameters: 1139941080997937154(Long)
2019-06-23 19:11:13,398 [DEBUG] [http-nio-8083-exec-10] com.ddc.server.mapper.DDCAuthMapper.selectById [BaseJdbcLogger.java : 159] <==      Total: 1
2019-06-23 19:11:13,408 [DEBUG] [http-nio-8083-exec-10] com.ddc.server.mapper.DDCAuthMapper.selectById [BaseJdbcLogger.java : 159] ==>  Preparing: SELECT id AS id,`name`,flag,p_id AS pId,`level`,create_time AS createTime,create_by AS createBy,update_by AS updateBy,update_time AS updateTime,del_flag AS delFlag FROM ddc_authority WHERE id=? 
2019-06-23 19:11:13,415 [DEBUG] [http-nio-8083-exec-10] com.ddc.server.mapper.DDCAuthMapper.selectById [BaseJdbcLogger.java : 159] ==> Parameters: 1139941081274761217(Long)
2019-06-23 19:11:13,425 [DEBUG] [http-nio-8083-exec-10] com.ddc.server.mapper.DDCAuthMapper.selectById [BaseJdbcLogger.java : 159] <==      Total: 1
2019-06-23 19:11:15,939 [INFO] [http-nio-8083-exec-3] com.ddc.server.controller.IndexController [IndexController.java : 30] {"createBy":0,"createTime":1560619499537,"delFlag":0,"email":"hello@qq.com","id":2147483647,"mobile":"13812341234","name":"root","password":"f2f337ace5db36a0f83d726f31eb66ff","roleId":1,"salt":"root_0ba80d42-8f92-4374-85be-fef484195bcc","sex":0,"status":0,"updateBy":0,"updateTime":1560619499537}
2019-06-23 19:11:16,770 [DEBUG] [http-nio-8083-exec-5] com.ddc.server.mapper.DDCChartMapper.selectUserCity [BaseJdbcLogger.java : 159] ==>  Preparing: select count(id) as value,city as name from ddc_user GROUP BY city 
2019-06-23 19:11:16,773 [DEBUG] [http-nio-8083-exec-5] com.ddc.server.mapper.DDCChartMapper.selectUserCity [BaseJdbcLogger.java : 159] ==> Parameters: 
2019-06-23 19:11:16,789 [DEBUG] [http-nio-8083-exec-5] com.ddc.server.mapper.DDCChartMapper.selectUserCity [BaseJdbcLogger.java : 159] <==      Total: 14
